<?xml version="1.0" encoding="UTF-8"?>
<testsuite xmlns:xsi="http://www.w3.org/2001/XMLSchema-instance" xsi:noNamespaceSchemaLocation="https://maven.apache.org/surefire/maven-surefire-plugin/xsd/surefire-test-report.xsd" name="com.TestRunner.TestRunner" time="44.212" tests="3" errors="1" skipped="0" failures="0">
  <properties>
[...]
</properties>
  <testcase name="To verify whether system allows the user to navigate to the phone &amp; Accessories page" classname="Validation of Samsung phones in amazon web application" time="20.44"/>
  <testcase name="To verify whether system allows the user to navigate to the SIM-Free &amp; Unlocked Mobile Phones page" classname="Validation of Samsung phones in amazon web application" time="7.126"/>
  <testcase name="To verify whether system allows the user to list the samsung phone with specific specification" classname="Validation of Samsung phones in amazon web application" time="14.874">
    <error message="For input string: &quot;£200&quot;" type="java.lang.NumberFormatException">java.lang.NumberFormatException: For input string: "£200"
</error>
    <system-out><![CDATA[[INFO ] 2024-08-06 10:05:18.590 [main] StepDefinition - Scenario_3 Start: User is on SIM-Free & Unlocked Mobile Phones page
[INFO ] 2024-08-06 10:05:24.252 [main] StepDefinition - Samsung checkbox on side filter clicked
[INFO ] 2024-08-06 10:05:25.637 [main] StepDefinition - Camera resolution selected 
[INFO ] 2024-08-06 10:05:29.463 [main] StepDefinition - Model year clicked
is Failed? true
]]></system-out>
  </testcase>
</testsuite>